app/build/intermediates/manifest_merge_blame_file/debug/processDebugMainManifest/manifest-merger-blame-debug-report.txt
1<?xml version="1.0" encoding="utf-8"?>
2<manifest xmlns:android="http://schemas.android.com/apk/res/android"
3    package="com.grandma.launcher"
4    android:versionCode="1"
5    android:versionName="1.0" >
6
7    <uses-sdk
8        android:minSdkVersion="26"
9        android:targetSdkVersion="34" />
10
11    <!-- Permissions -->
12    <uses-permission android:name="android.permission.CALL_PHONE" />
12-->src/main/AndroidManifest.xml:6:5-69
12-->src/main/AndroidManifest.xml:6:22-66
13    <uses-permission android:name="android.permission.READ_CONTACTS" />
13-->src/main/AndroidManifest.xml:7:5-72
13-->src/main/AndroidManifest.xml:7:22-69
14    <uses-permission android:name="android.permission.CAMERA" />
14-->src/main/AndroidManifest.xml:8:5-65
14-->src/main/AndroidManifest.xml:8:22-62
15    <uses-permission
15-->src/main/AndroidManifest.xml:9:5-10:38
16        android:name="android.permission.READ_EXTERNAL_STORAGE"
16-->src/main/AndroidManifest.xml:9:22-77
17        android:maxSdkVersion="32" />
17-->src/main/AndroidManifest.xml:10:9-35
18    <uses-permission android:name="android.permission.READ_MEDIA_IMAGES" />
18-->src/main/AndroidManifest.xml:11:5-76
18-->src/main/AndroidManifest.xml:11:22-73
19    <uses-permission android:name="android.permission.VIBRATE" />
19-->src/main/AndroidManifest.xml:12:5-66
19-->src/main/AndroidManifest.xml:12:22-63
20    <uses-permission android:name="android.permission.QUERY_ALL_PACKAGES" />
20-->src/main/AndroidManifest.xml:13:5-14:53
20-->src/main/AndroidManifest.xml:13:22-74
21
22    <!--
23         Required on Android 11+ — without this block, packageManager.queryIntentActivities()
24         returns empty and grantUriPermission has no targets to grant to.
25    -->
26    <queries>
26-->src/main/AndroidManifest.xml:18:5-32:15
27        <intent>
27-->src/main/AndroidManifest.xml:19:9-21:18
28            <action android:name="android.media.action.IMAGE_CAPTURE" />
28-->src/main/AndroidManifest.xml:20:13-73
28-->src/main/AndroidManifest.xml:20:21-70
29        </intent>
30        <intent>
30-->src/main/AndroidManifest.xml:22:9-24:18
31            <action android:name="android.media.action.STILL_IMAGE_CAMERA" />
31-->src/main/AndroidManifest.xml:23:13-78
31-->src/main/AndroidManifest.xml:23:21-75
32        </intent>
33        <intent>
33-->src/main/AndroidManifest.xml:25:9-28:18
34            <action android:name="android.intent.action.PICK" />
34-->src/main/AndroidManifest.xml:26:13-65
34-->src/main/AndroidManifest.xml:26:21-62
35
36            <data android:mimeType="image/*" />
36-->src/main/AndroidManifest.xml:27:13-48
36-->src/main/AndroidManifest.xml:27:19-45
37        </intent>
38
39        <package android:name="com.miui.camera" />
39-->src/main/AndroidManifest.xml:29:9-51
39-->src/main/AndroidManifest.xml:29:18-48
40        <package android:name="com.android.camera2" />
40-->src/main/AndroidManifest.xml:30:9-55
40-->src/main/AndroidManifest.xml:30:18-52
41        <package android:name="com.android.camera" />
41-->src/main/AndroidManifest.xml:31:9-54
41-->src/main/AndroidManifest.xml:31:18-51
42    </queries>
43
44    <permission
44-->[androidx.core:core:1.13.1] AndroidManifest.xml:22:5-24:47
45        android:name="com.grandma.launcher.DYNAMIC_RECEIVER_NOT_EXPORTED_PERMISSION"
45-->[androidx.core:core:1.13.1] AndroidManifest.xml:23:9-81
46        android:protectionLevel="signature" />
46-->[androidx.core:core:1.13.1] AndroidManifest.xml:24:9-44
47
48    <uses-permission android:name="com.grandma.launcher.DYNAMIC_RECEIVER_NOT_EXPORTED_PERMISSION" />
48-->[androidx.core:core:1.13.1] AndroidManifest.xml:26:5-97
48-->[androidx.core:core:1.13.1] AndroidManifest.xml:26:22-94
49
50    <application
50-->src/main/AndroidManifest.xml:34:5-101:19
51        android:allowBackup="false"
51-->src/main/AndroidManifest.xml:35:9-36
52        android:appComponentFactory="androidx.core.app.CoreComponentFactory"
52-->[androidx.core:core:1.13.1] AndroidManifest.xml:28:18-86
53        android:debuggable="true"
54        android:extractNativeLibs="false"
55        android:forceDarkAllowed="false"
55-->src/main/AndroidManifest.xml:40:9-41
56        android:icon="@mipmap/ic_launcher"
56-->src/main/AndroidManifest.xml:36:9-43
57        android:label="@string/app_name"
57-->src/main/AndroidManifest.xml:37:9-41
58        android:roundIcon="@mipmap/ic_launcher_round"
58-->src/main/AndroidManifest.xml:38:9-54
59        android:supportsRtl="true"
59-->src/main/AndroidManifest.xml:39:9-35
60        android:testOnly="true"
61        android:theme="@style/Theme.GrandmasLauncher" >
61-->src/main/AndroidManifest.xml:41:9-54
62
63        <!--
64             ═══════════════════════════════════════════
65             HOME SCREEN ACTIVITY
66             The MAIN + HOME intent filters are what
67             register this as a choosable launcher.
68             ═══════════════════════════════════════════
69        -->
70        <activity
70-->src/main/AndroidManifest.xml:48:9-62:20
71            android:name="com.grandma.launcher.ui.home.HomeActivity"
71-->src/main/AndroidManifest.xml:49:13-49
72            android:exported="true"
72-->src/main/AndroidManifest.xml:50:13-36
73            android:launchMode="singleTask"
73-->src/main/AndroidManifest.xml:51:13-44
74            android:stateNotNeeded="true"
74-->src/main/AndroidManifest.xml:52:13-42
75            android:windowSoftInputMode="adjustResize" >
75-->src/main/AndroidManifest.xml:53:13-55
76
77            <!-- Makes this a launcher -->
78            <intent-filter>
78-->src/main/AndroidManifest.xml:56:13-61:29
79                <action android:name="android.intent.action.MAIN" />
79-->src/main/AndroidManifest.xml:57:17-69
79-->src/main/AndroidManifest.xml:57:25-66
80
81                <category android:name="android.intent.category.HOME" />
81-->src/main/AndroidManifest.xml:58:17-73
81-->src/main/AndroidManifest.xml:58:27-70
82                <category android:name="android.intent.category.DEFAULT" />
82-->src/main/AndroidManifest.xml:59:17-76
82-->src/main/AndroidManifest.xml:59:27-73
83                <category android:name="android.intent.category.MONKEY" />
83-->src/main/AndroidManifest.xml:60:17-75
83-->src/main/AndroidManifest.xml:60:27-72
84            </intent-filter>
85        </activity>
86
87        <!-- Contacts Screen -->
88        <activity
88-->src/main/AndroidManifest.xml:65:9-68:66
89            android:name="com.grandma.launcher.ui.contacts.ContactsActivity"
89-->src/main/AndroidManifest.xml:66:13-57
90            android:exported="false"
90-->src/main/AndroidManifest.xml:67:13-37
91            android:parentActivityName="com.grandma.launcher.ui.home.HomeActivity" />
91-->src/main/AndroidManifest.xml:68:13-63
92
93        <!-- Add / Edit Contact Screen -->
94        <activity
94-->src/main/AndroidManifest.xml:71:9-75:74
95            android:name="com.grandma.launcher.ui.contacts.AddContactActivity"
95-->src/main/AndroidManifest.xml:72:13-59
96            android:exported="false"
96-->src/main/AndroidManifest.xml:73:13-37
97            android:parentActivityName="com.grandma.launcher.ui.contacts.ContactsActivity"
97-->src/main/AndroidManifest.xml:75:13-71
98            android:windowSoftInputMode="adjustResize" />
98-->src/main/AndroidManifest.xml:74:13-55
99
100        <!-- Caretaker Help Request Screen -->
101        <activity
101-->src/main/AndroidManifest.xml:78:9-82:66
102            android:name="com.grandma.launcher.ui.caretaker.CaretakerHelpActivity"
102-->src/main/AndroidManifest.xml:79:13-63
103            android:exported="false"
103-->src/main/AndroidManifest.xml:80:13-37
104            android:parentActivityName="com.grandma.launcher.ui.home.HomeActivity"
104-->src/main/AndroidManifest.xml:82:13-63
105            android:windowSoftInputMode="adjustResize" />
105-->src/main/AndroidManifest.xml:81:13-55
106
107        <!-- More Apps Screen -->
108        <activity
108-->src/main/AndroidManifest.xml:85:9-88:66
109            android:name="com.grandma.launcher.ui.apps.MoreAppsActivity"
109-->src/main/AndroidManifest.xml:86:13-53
110            android:exported="false"
110-->src/main/AndroidManifest.xml:87:13-37
111            android:parentActivityName="com.grandma.launcher.ui.home.HomeActivity" />
111-->src/main/AndroidManifest.xml:88:13-63
112
113        <!-- File provider for camera photo capture -->
114        <provider
114-->src/main/AndroidManifest.xml:91:9-99:20
115            android:name="androidx.core.content.FileProvider"
115-->src/main/AndroidManifest.xml:92:13-62
116            android:authorities="com.grandma.launcher.fileprovider"
116-->src/main/AndroidManifest.xml:93:13-68
117            android:exported="false"
117-->src/main/AndroidManifest.xml:94:13-37
118            android:grantUriPermissions="true" >
118-->src/main/AndroidManifest.xml:95:13-47
119            <meta-data
119-->src/main/AndroidManifest.xml:96:13-98:54
120                android:name="android.support.FILE_PROVIDER_PATHS"
120-->src/main/AndroidManifest.xml:97:17-67
121                android:resource="@xml/file_paths" />
121-->src/main/AndroidManifest.xml:98:17-51
122        </provider>
123        <provider
123-->[androidx.emoji2:emoji2:1.3.0] AndroidManifest.xml:24:9-32:20
124            android:name="androidx.startup.InitializationProvider"
124-->[androidx.emoji2:emoji2:1.3.0] AndroidManifest.xml:25:13-67
125            android:authorities="com.grandma.launcher.androidx-startup"
125-->[androidx.emoji2:emoji2:1.3.0] AndroidManifest.xml:26:13-68
126            android:exported="false" >
126-->[androidx.emoji2:emoji2:1.3.0] AndroidManifest.xml:27:13-37
127            <meta-data
127-->[androidx.emoji2:emoji2:1.3.0] AndroidManifest.xml:29:13-31:52
128                android:name="androidx.emoji2.text.EmojiCompatInitializer"
128-->[androidx.emoji2:emoji2:1.3.0] AndroidManifest.xml:30:17-75
129                android:value="androidx.startup" />
129-->[androidx.emoji2:emoji2:1.3.0] AndroidManifest.xml:31:17-49
130            <meta-data
130-->[androidx.lifecycle:lifecycle-process:2.6.2] AndroidManifest.xml:29:13-31:52
131                android:name="androidx.lifecycle.ProcessLifecycleInitializer"
131-->[androidx.lifecycle:lifecycle-process:2.6.2] AndroidManifest.xml:30:17-78
132                android:value="androidx.startup" />
132-->[androidx.lifecycle:lifecycle-process:2.6.2] AndroidManifest.xml:31:17-49
133            <meta-data
133-->[androidx.profileinstaller:profileinstaller:1.3.1] AndroidManifest.xml:29:13-31:52
134                android:name="androidx.profileinstaller.ProfileInstallerInitializer"
134-->[androidx.profileinstaller:profileinstaller:1.3.1] AndroidManifest.xml:30:17-85
135                android:value="androidx.startup" />
135-->[androidx.profileinstaller:profileinstaller:1.3.1] AndroidManifest.xml:31:17-49
136        </provider>
137
138        <receiver
138-->[androidx.profileinstaller:profileinstaller:1.3.1] AndroidManifest.xml:34:9-52:20
139            android:name="androidx.profileinstaller.ProfileInstallReceiver"
139-->[androidx.profileinstaller:profileinstaller:1.3.1] AndroidManifest.xml:35:13-76
140            android:directBootAware="false"
140-->[androidx.profileinstaller:profileinstaller:1.3.1] AndroidManifest.xml:36:13-44
141            android:enabled="true"
141-->[androidx.profileinstaller:profileinstaller:1.3.1] AndroidManifest.xml:37:13-35
142            android:exported="true"
142-->[androidx.profileinstaller:profileinstaller:1.3.1] AndroidManifest.xml:38:13-36
143            android:permission="android.permission.DUMP" >
143-->[androidx.profileinstaller:profileinstaller:1.3.1] AndroidManifest.xml:39:13-57
144            <intent-filter>
144-->[androidx.profileinstaller:profileinstaller:1.3.1] AndroidManifest.xml:40:13-42:29
145                <action android:name="androidx.profileinstaller.action.INSTALL_PROFILE" />
145-->[androidx.profileinstaller:profileinstaller:1.3.1] AndroidManifest.xml:41:17-91
145-->[androidx.profileinstaller:profileinstaller:1.3.1] AndroidManifest.xml:41:25-88
146            </intent-filter>
147            <intent-filter>
147-->[androidx.profileinstaller:profileinstaller:1.3.1] AndroidManifest.xml:43:13-45:29
148                <action android:name="androidx.profileinstaller.action.SKIP_FILE" />
148-->[androidx.profileinstaller:profileinstaller:1.3.1] AndroidManifest.xml:44:17-85
148-->[androidx.profileinstaller:profileinstaller:1.3.1] AndroidManifest.xml:44:25-82
149            </intent-filter>
150            <intent-filter>
150-->[androidx.profileinstaller:profileinstaller:1.3.1] AndroidManifest.xml:46:13-48:29
151                <action android:name="androidx.profileinstaller.action.SAVE_PROFILE" />
151-->[androidx.profileinstaller:profileinstaller:1.3.1] AndroidManifest.xml:47:17-88
151-->[androidx.profileinstaller:profileinstaller:1.3.1] AndroidManifest.xml:47:25-85
152            </intent-filter>
153            <intent-filter>
153-->[androidx.profileinstaller:profileinstaller:1.3.1] AndroidManifest.xml:49:13-51:29
154                <action android:name="androidx.profileinstaller.action.BENCHMARK_OPERATION" />
154-->[androidx.profileinstaller:profileinstaller:1.3.1] AndroidManifest.xml:50:17-95
154-->[androidx.profileinstaller:profileinstaller:1.3.1] AndroidManifest.xml:50:25-92
155            </intent-filter>
156        </receiver>
157    </application>
158
159</manifest>